<?xml version='1.0'?>
<ns2:test-suite xmlns:ns2='urn:model.allure.qatools.yandex.ru' start='1549365724315' stop='1549365746231'>
    <name>Test Suite 3- Verifying </name>
    <title>Test Suite 3- Verifying </title>
    <test-cases>
        <test-case start='1549365724337' status='broken' stop='1549365746226'>
            <name>Should Open Account Settings   </name>
            <title>Should Open Account Settings   </title>
            <labels>
                <label name='language' value='javascript'/>
                <label name='framework' value='wdio'/>
                <label name='thread' value='0-2'/>
            </labels>
            <parameters>
                <parameter kind='argument' name='browser' value='chrome'/>
                <parameter kind='environment-variable' name='capabilities' value='{"maxInstances":1,"browserName":"chrome","chromeOptions":{"args":["start-maximized"]}}'/>
                <parameter kind='environment-variable' name='spec files' value='["C:\\Users\\HD\\Downloads\\Compressed\\WunderFlats\\Modus-Create-master\\Modus-Create-master\\e2e\\test\\test3.spec.js"]'/>
            </parameters>
            <steps>
                <step start='1549365724343' status='passed' stop='1549365730148'>
                    <name>POST /wd/hub/session/1ccb7d49f69c3f3538f27063ba649dd4/url</name>
                    <title>POST /wd/hub/session/1ccb7d49f69c3f3538f27063ba649dd4/url</title>
                    <attachments>
                        <attachment title='Request' source='a9a8a0f0-c5e1-4efa-8928-1b8344d2dd1f-attachment.json' type='application/json' size='41'/>
                        <attachment title='Response' source='68731e5e-f70b-419d-b203-a1fb787e09c2-attachment.json' type='application/json' size='91'/>
                    </attachments>
                    <steps/>
                </step>
                <step start='1549365746155' status='passed' stop='1549365746182'>
                    <name>POST /wd/hub/session/1ccb7d49f69c3f3538f27063ba649dd4/element</name>
                    <title>POST /wd/hub/session/1ccb7d49f69c3f3538f27063ba649dd4/element</title>
                    <attachments>
                        <attachment title='Request' source='5321b6c6-043b-443b-bc77-875c163aa496-attachment.json' type='application/json' size='135'/>
                        <attachment title='Response' source='a9f9cb89-18a4-46d7-bb3e-2a4a9f6833bc-attachment.json' type='application/json' size='535'/>
                    </attachments>
                    <steps/>
                </step>
                <step start='1549365746187' status='passed' stop='1549365746226'>
                    <name>GET /wd/hub/session/1ccb7d49f69c3f3538f27063ba649dd4/screenshot</name>
                    <title>GET /wd/hub/session/1ccb7d49f69c3f3538f27063ba649dd4/screenshot</title>
                    <attachments>
                        <attachment title='Response' source='78a89461-c489-4e72-b156-1875953ce726-attachment.json' type='application/json' size='494'/>
                    </attachments>
                    <steps/>
                </step>
            </steps>
            <attachments/>
            <failure>
                <message>unknown error: session deleted because of page crash
                from tab crashed</message>
                <stack-trace>Error: An unknown server-side error occurred while processing the command.
                    at element("//div[text()='/']//a[@class='AppHeader-link AppHeader-link--login'][contains(text(),'Log in')]") -     at C:\Users\HD\Downloads\Compressed\WunderFlats\Modus-Create-master\Modus-Create-master\e2e\node_modules\wdio-sync\build\index.js:312:3</stack-trace>
            </failure>
        </test-case>
        <test-case start='1549365746226' status='broken' stop='1549365746230'>
            <name>Verify User settings   </name>
            <title>Verify User settings   </title>
            <labels>
                <label name='language' value='javascript'/>
                <label name='framework' value='wdio'/>
                <label name='thread' value='0-2'/>
            </labels>
            <parameters>
                <parameter kind='argument' name='browser' value='chrome'/>
                <parameter kind='environment-variable' name='capabilities' value='{"maxInstances":1,"browserName":"chrome","chromeOptions":{"args":["start-maximized"]}}'/>
                <parameter kind='environment-variable' name='spec files' value='["C:\\Users\\HD\\Downloads\\Compressed\\WunderFlats\\Modus-Create-master\\Modus-Create-master\\e2e\\test\\test3.spec.js"]'/>
            </parameters>
            <steps>
                <step start='1549365746227' status='passed' stop='1549365746229'>
                    <name>POST /wd/hub/session/1ccb7d49f69c3f3538f27063ba649dd4/url</name>
                    <title>POST /wd/hub/session/1ccb7d49f69c3f3538f27063ba649dd4/url</title>
                    <attachments>
                        <attachment title='Request' source='7c9e7d69-6591-43e4-95c0-9bad2cabed0f-attachment.json' type='application/json' size='41'/>
                        <attachment title='Response' source='fdc63b84-552d-4849-a3c0-95d4aec2b4fb-attachment.json' type='application/json' size='494'/>
                    </attachments>
                    <steps/>
                </step>
                <step start='1549365746229' status='passed' stop='1549365746230'>
                    <name>GET /wd/hub/session/1ccb7d49f69c3f3538f27063ba649dd4/screenshot</name>
                    <title>GET /wd/hub/session/1ccb7d49f69c3f3538f27063ba649dd4/screenshot</title>
                    <attachments>
                        <attachment title='Response' source='0fe24a5b-0c0f-4ad6-85f5-5b3a2054d60c-attachment.json' type='application/json' size='494'/>
                    </attachments>
                    <steps/>
                </step>
            </steps>
            <attachments/>
            <failure>
                <message>invalid session id
                  (Driver info: chromedriver=2.43.600210 (68dcf5eebde37173d4027fa8635e332711d2874a),platform=Windows NT 10.0.17763 x86_64)</message>
                <stack-trace>Error: A session is either terminated or not started
                    at url("https://wunderflats.com") -     at C:\Users\HD\Downloads\Compressed\WunderFlats\Modus-Create-master\Modus-Create-master\e2e\node_modules\wdio-sync\build\index.js:312:3</stack-trace>
            </failure>
        </test-case>
    </test-cases>
</ns2:test-suite>