<?xml version='1.0'?>
<ns2:test-suite xmlns:ns2='urn:model.allure.qatools.yandex.ru' start='1549362139007' stop='1549362143524'>
    <name>Test Suite 3- Verifying </name>
    <title>Test Suite 3- Verifying </title>
    <test-cases>
        <test-case start='1549362139028' status='broken' stop='1549362143513'>
            <name>Should Open Account Settings   </name>
            <title>Should Open Account Settings   </title>
            <labels>
                <label name='language' value='javascript'/>
                <label name='framework' value='wdio'/>
                <label name='thread' value='0-2'/>
            </labels>
            <parameters>
                <parameter kind='argument' name='browser' value='chrome'/>
                <parameter kind='environment-variable' name='capabilities' value='{"maxInstances":1,"browserName":"chrome","chromeOptions":{"args":["start-maximized"]}}'/>
                <parameter kind='environment-variable' name='spec files' value='["C:\\Users\\HD\\Downloads\\Compressed\\WunderFlats\\Modus-Create-master\\Modus-Create-master\\e2e\\test\\test3.spec.js"]'/>
            </parameters>
            <steps>
                <step start='1549362139033' status='passed' stop='1549362143482'>
                    <name>POST /wd/hub/session/76b6de8835375dc547ff916beb43629d/url</name>
                    <title>POST /wd/hub/session/76b6de8835375dc547ff916beb43629d/url</title>
                    <attachments>
                        <attachment title='Request' source='994ece2f-ecc0-46ec-aaf2-8486b45517e8-attachment.json' type='application/json' size='41'/>
                        <attachment title='Response' source='6594e6e9-30b3-4f80-9410-398d8adefb4a-attachment.json' type='application/json' size='535'/>
                    </attachments>
                    <steps/>
                </step>
                <step start='1549362143484' status='passed' stop='1549362143512'>
                    <name>GET /wd/hub/session/76b6de8835375dc547ff916beb43629d/screenshot</name>
                    <title>GET /wd/hub/session/76b6de8835375dc547ff916beb43629d/screenshot</title>
                    <attachments>
                        <attachment title='Response' source='a0e13047-ef16-4a6a-8f14-5f6f9addad67-attachment.json' type='application/json' size='494'/>
                    </attachments>
                    <steps/>
                </step>
            </steps>
            <attachments/>
            <failure>
                <message>unknown error: session deleted because of page crash
                from tab crashed</message>
                <stack-trace>Error: An unknown server-side error occurred while processing the command.
                    at url("https://wunderflats.com") -     at C:\Users\HD\Downloads\Compressed\WunderFlats\Modus-Create-master\Modus-Create-master\e2e\node_modules\wdio-sync\build\index.js:312:3</stack-trace>
            </failure>
        </test-case>
        <test-case start='1549362143513' status='broken' stop='1549362143524'>
            <name>Verify User settings   </name>
            <title>Verify User settings   </title>
            <labels>
                <label name='language' value='javascript'/>
                <label name='framework' value='wdio'/>
                <label name='thread' value='0-2'/>
            </labels>
            <parameters>
                <parameter kind='argument' name='browser' value='chrome'/>
                <parameter kind='environment-variable' name='capabilities' value='{"maxInstances":1,"browserName":"chrome","chromeOptions":{"args":["start-maximized"]}}'/>
                <parameter kind='environment-variable' name='spec files' value='["C:\\Users\\HD\\Downloads\\Compressed\\WunderFlats\\Modus-Create-master\\Modus-Create-master\\e2e\\test\\test3.spec.js"]'/>
            </parameters>
            <steps>
                <step start='1549362143514' status='passed' stop='1549362143519'>
                    <name>POST /wd/hub/session/76b6de8835375dc547ff916beb43629d/url</name>
                    <title>POST /wd/hub/session/76b6de8835375dc547ff916beb43629d/url</title>
                    <attachments>
                        <attachment title='Request' source='8be7388b-9dad-4e0f-b56a-d317d9a5c444-attachment.json' type='application/json' size='41'/>
                        <attachment title='Response' source='f0ceeca8-d3b0-4fb4-a631-c10a628345a5-attachment.json' type='application/json' size='494'/>
                    </attachments>
                    <steps/>
                </step>
                <step start='1549362143520' status='passed' stop='1549362143523'>
                    <name>GET /wd/hub/session/76b6de8835375dc547ff916beb43629d/screenshot</name>
                    <title>GET /wd/hub/session/76b6de8835375dc547ff916beb43629d/screenshot</title>
                    <attachments>
                        <attachment title='Response' source='cbf4f0b5-5d26-46aa-a32a-f4de21d032ef-attachment.json' type='application/json' size='494'/>
                    </attachments>
                    <steps/>
                </step>
            </steps>
            <attachments/>
            <failure>
                <message>invalid session id
                  (Driver info: chromedriver=2.43.600210 (68dcf5eebde37173d4027fa8635e332711d2874a),platform=Windows NT 10.0.17763 x86_64)</message>
                <stack-trace>Error: A session is either terminated or not started
                    at url("https://wunderflats.com") -     at C:\Users\HD\Downloads\Compressed\WunderFlats\Modus-Create-master\Modus-Create-master\e2e\node_modules\wdio-sync\build\index.js:312:3</stack-trace>
            </failure>
        </test-case>
    </test-cases>
</ns2:test-suite>